10:19:02,450 INFO  [org.jboss.modules] (main) JBoss Modules version 1.2.0.CR1
10:19:03,318 INFO  [org.jboss.msc] (main) JBoss MSC version 1.0.4.GA
10:19:03,471 INFO  [org.jboss.as] (MSC service thread 1-8) JBAS015899: JBoss Infinispan Server 6.0.2.Final (AS 7.2.0.Final) starting
10:19:03,486 DEBUG [org.jboss.as.config] (MSC service thread 1-8) Configured system properties:
	[Standalone] = 
	awt.toolkit = sun.awt.X11.XToolkit
	file.encoding = UTF-8
	file.encoding.pkg = sun.io
	file.separator = /
	java.awt.graphicsenv = sun.awt.X11GraphicsEnvironment
	java.awt.headless = true
	java.awt.printerjob = sun.print.PSPrinterJob
	java.class.path = /home/patches/workspace/narayana/kvstore/etc/infinispan-server-6.0.2/jboss-modules.jar
	java.class.version = 51.0
	java.endorsed.dirs = /usr/java/jdk1.7.0_45/jre/lib/endorsed
	java.ext.dirs = /usr/java/jdk1.7.0_45/jre/lib/ext:/usr/java/packages/lib/ext
	java.home = /usr/java/jdk1.7.0_45/jre
	java.io.tmpdir = /tmp
	java.library.path = /usr/java/packages/lib/amd64:/usr/lib64:/lib64:/lib:/usr/lib
	java.net.preferIPv4Stack = true
	java.runtime.name = Java(TM) SE Runtime Environment
	java.runtime.version = 1.7.0_45-b18
	java.specification.name = Java Platform API Specification
	java.specification.vendor = Oracle Corporation
	java.specification.version = 1.7
	java.util.logging.manager = org.jboss.logmanager.LogManager
	java.vendor = Oracle Corporation
	java.vendor.url = http://java.oracle.com/
	java.vendor.url.bug = http://bugreport.sun.com/bugreport/
	java.version = 1.7.0_45
	java.vm.info = mixed mode
	java.vm.name = Java HotSpot(TM) 64-Bit Server VM
	java.vm.specification.name = Java Virtual Machine Specification
	java.vm.specification.vendor = Oracle Corporation
	java.vm.specification.version = 1.7
	java.vm.vendor = Oracle Corporation
	java.vm.version = 24.45-b08
	javax.management.builder.initial = org.jboss.as.jmx.PluggableMBeanServerBuilder
	javax.xml.datatype.DatatypeFactory = __redirected.__DatatypeFactory
	javax.xml.parsers.DocumentBuilderFactory = __redirected.__DocumentBuilderFactory
	javax.xml.parsers.SAXParserFactory = __redirected.__SAXParserFactory
	javax.xml.stream.XMLEventFactory = __redirected.__XMLEventFactory
	javax.xml.stream.XMLInputFactory = __redirected.__XMLInputFactory
	javax.xml.stream.XMLOutputFactory = __redirected.__XMLOutputFactory
	javax.xml.transform.TransformerFactory = __redirected.__TransformerFactory
	javax.xml.validation.SchemaFactory:http://www.w3.org/2001/XMLSchema = __redirected.__SchemaFactory
	javax.xml.xpath.XPathFactory:http://java.sun.com/jaxp/xpath/dom = __redirected.__XPathFactory
	jboss.home.dir = /home/patches/workspace/narayana/kvstore/etc/infinispan-server-6.0.2
	jboss.host.name = localhost
	jboss.modules.dir = /home/patches/workspace/narayana/kvstore/etc/infinispan-server-6.0.2/modules
	jboss.modules.system.pkgs = org.jboss.byteman
	jboss.node.name = localhost
	jboss.qualified.host.name = localhost.localdomain
	jboss.server.base.dir = /home/patches/workspace/narayana/kvstore/etc/infinispan-server-6.0.2/standalone
	jboss.server.config.dir = /home/patches/workspace/narayana/kvstore/etc/infinispan-server-6.0.2/standalone/configuration
	jboss.server.data.dir = /home/patches/workspace/narayana/kvstore/etc/infinispan-server-6.0.2/standalone/data
	jboss.server.deploy.dir = /home/patches/workspace/narayana/kvstore/etc/infinispan-server-6.0.2/standalone/data/content
	jboss.server.log.dir = /home/patches/workspace/narayana/kvstore/etc/infinispan-server-6.0.2/standalone/log
	jboss.server.name = localhost
	jboss.server.persist.config = true
	jboss.server.temp.dir = /home/patches/workspace/narayana/kvstore/etc/infinispan-server-6.0.2/standalone/tmp
	line.separator = 

	logging.configuration = file:/home/patches/workspace/narayana/kvstore/etc/infinispan-server-6.0.2/standalone/configuration/logging.properties
	module.path = /home/patches/workspace/narayana/kvstore/etc/infinispan-server-6.0.2/modules
	org.jboss.boot.log.file = /home/patches/workspace/narayana/kvstore/etc/infinispan-server-6.0.2/standalone/log/server.log
	org.jboss.resolver.warning = true
	org.xml.sax.driver = __redirected.__XMLReaderFactory
	os.arch = amd64
	os.name = Linux
	os.version = 3.11.6-201.fc19.x86_64
	path.separator = :
	sun.arch.data.model = 64
	sun.boot.class.path = /usr/java/jdk1.7.0_45/jre/lib/resources.jar:/usr/java/jdk1.7.0_45/jre/lib/rt.jar:/usr/java/jdk1.7.0_45/jre/lib/sunrsasign.jar:/usr/java/jdk1.7.0_45/jre/lib/jsse.jar:/usr/java/jdk1.7.0_45/jre/lib/jce.jar:/usr/java/jdk1.7.0_45/jre/lib/charsets.jar:/usr/java/jdk1.7.0_45/jre/lib/jfr.jar:/usr/java/jdk1.7.0_45/jre/classes
	sun.boot.library.path = /usr/java/jdk1.7.0_45/jre/lib/amd64
	sun.cpu.endian = little
	sun.cpu.isalist = 
	sun.io.unicode.encoding = UnicodeLittle
	sun.java.command = /home/patches/workspace/narayana/kvstore/etc/infinispan-server-6.0.2/jboss-modules.jar -mp /home/patches/workspace/narayana/kvstore/etc/infinispan-server-6.0.2/modules -jaxpmodule javax.xml.jaxp-provider org.jboss.as.standalone -Djboss.home.dir=/home/patches/workspace/narayana/kvstore/etc/infinispan-server-6.0.2 -Djboss.server.base.dir=/home/patches/workspace/narayana/kvstore/etc/infinispan-server-6.0.2/standalone
	sun.java.launcher = SUN_STANDARD
	sun.jnu.encoding = UTF-8
	sun.management.compiler = HotSpot 64-Bit Tiered Compilers
	sun.os.patch.level = unknown
	user.country = GB
	user.dir = /home/patches/workspace/narayana
	user.home = /home/patches
	user.language = en
	user.name = patches
	user.timezone = Europe/London
10:19:03,490 DEBUG [org.jboss.as.config] (MSC service thread 1-8) VM Arguments: -D[Standalone] -XX:+UseCompressedOops -Xms64m -Xmx512m -XX:MaxPermSize=256m -Djava.net.preferIPv4Stack=true -Djboss.modules.system.pkgs=org.jboss.byteman -Djava.awt.headless=true -Dorg.jboss.boot.log.file=/home/patches/workspace/narayana/kvstore/etc/infinispan-server-6.0.2/standalone/log/server.log -Dlogging.configuration=file:/home/patches/workspace/narayana/kvstore/etc/infinispan-server-6.0.2/standalone/configuration/logging.properties 
10:19:07,328 INFO  [org.xnio] (MSC service thread 1-4) XNIO Version 3.0.7.GA
10:19:07,331 INFO  [org.jboss.as.server] (Controller Boot Thread) JBAS015888: Creating http management service using socket-binding (management-http)
10:19:07,338 INFO  [org.xnio.nio] (MSC service thread 1-4) XNIO NIO Implementation Version 3.0.7.GA
10:19:07,394 INFO  [org.jboss.remoting] (MSC service thread 1-4) JBoss Remoting version 3.2.14.GA
10:19:07,587 INFO  [org.jboss.as.clustering.infinispan] (ServerService Thread Pool -- 17) JBAS010280: Activating Infinispan subsystem.
10:19:07,613 INFO  [org.jboss.as.security] (ServerService Thread Pool -- 23) JBAS013171: Activating Security Subsystem
10:19:07,597 INFO  [org.jboss.as.naming] (ServerService Thread Pool -- 21) JBAS011800: Activating Naming Subsystem
10:19:07,725 INFO  [org.jboss.as.naming] (MSC service thread 1-1) JBAS011802: Starting Naming Service
10:19:07,761 INFO  [org.jboss.as.security] (MSC service thread 1-3) JBAS013170: Current PicketBox version=4.0.15.Final
10:19:07,772 INFO  [org.jboss.as.jsf] (ServerService Thread Pool -- 27) JBAS012605: Activated the following JSF Implementations: [main, 1.2]
10:19:07,803 INFO  [org.jboss.as.connector.logging] (MSC service thread 1-6) JBAS010408: Starting JCA Subsystem (JBoss IronJacamar 1.0.15.Final)
10:19:09,544 ERROR [org.apache.coyote.http11] (MSC service thread 1-7) JBWEB003043: Error initializing endpoint: java.net.BindException: Address already in use /127.0.0.1:8080
	at org.apache.tomcat.util.net.JIoEndpoint.init(JIoEndpoint.java:973) [jbossweb-7.2.0.Final.jar:7.2.0.Final]
	at org.apache.coyote.http11.Http11Protocol.init(Http11Protocol.java:174) [jbossweb-7.2.0.Final.jar:7.2.0.Final]
	at org.apache.catalina.connector.Connector.init(Connector.java:982) [jbossweb-7.2.0.Final.jar:7.2.0.Final]
	at org.jboss.as.web.WebConnectorService.start(WebConnectorService.java:273) [jboss-as-web-7.2.0.Final.jar:7.2.0.Final]
	at org.jboss.msc.service.ServiceControllerImpl$StartTask.startService(ServiceControllerImpl.java:1811) [jboss-msc-1.0.4.GA.jar:1.0.4.GA]
	at org.jboss.msc.service.ServiceControllerImpl$StartTask.run(ServiceControllerImpl.java:1746) [jboss-msc-1.0.4.GA.jar:1.0.4.GA]
	at java.util.concurrent.ThreadPoolExecutor.runWorker(ThreadPoolExecutor.java:1145) [rt.jar:1.7.0_45]
	at java.util.concurrent.ThreadPoolExecutor$Worker.run(ThreadPoolExecutor.java:615) [rt.jar:1.7.0_45]
	at java.lang.Thread.run(Thread.java:744) [rt.jar:1.7.0_45]

10:19:09,551 ERROR [org.apache.coyote.ajp] (MSC service thread 1-4) JBWEB003043: Error initializing endpoint: java.net.BindException: Address already in use /127.0.0.1:8009
	at org.apache.tomcat.util.net.JIoEndpoint.init(JIoEndpoint.java:973) [jbossweb-7.2.0.Final.jar:7.2.0.Final]
	at org.apache.coyote.ajp.AjpProtocol.init(AjpProtocol.java:153) [jbossweb-7.2.0.Final.jar:7.2.0.Final]
	at org.apache.catalina.connector.Connector.init(Connector.java:982) [jbossweb-7.2.0.Final.jar:7.2.0.Final]
	at org.jboss.as.web.WebConnectorService.start(WebConnectorService.java:273) [jboss-as-web-7.2.0.Final.jar:7.2.0.Final]
	at org.jboss.msc.service.ServiceControllerImpl$StartTask.startService(ServiceControllerImpl.java:1811) [jboss-msc-1.0.4.GA.jar:1.0.4.GA]
	at org.jboss.msc.service.ServiceControllerImpl$StartTask.run(ServiceControllerImpl.java:1746) [jboss-msc-1.0.4.GA.jar:1.0.4.GA]
	at java.util.concurrent.ThreadPoolExecutor.runWorker(ThreadPoolExecutor.java:1145) [rt.jar:1.7.0_45]
	at java.util.concurrent.ThreadPoolExecutor$Worker.run(ThreadPoolExecutor.java:615) [rt.jar:1.7.0_45]
	at java.lang.Thread.run(Thread.java:744) [rt.jar:1.7.0_45]

10:19:09,597 ERROR [org.jboss.msc.service.fail] (MSC service thread 1-7) MSC00001: Failed to start service jboss.web.connector.http: org.jboss.msc.service.StartException in service jboss.web.connector.http: JBAS018007: Error starting web connector
	at org.jboss.as.web.WebConnectorService.start(WebConnectorService.java:277)
	at org.jboss.msc.service.ServiceControllerImpl$StartTask.startService(ServiceControllerImpl.java:1811) [jboss-msc-1.0.4.GA.jar:1.0.4.GA]
	at org.jboss.msc.service.ServiceControllerImpl$StartTask.run(ServiceControllerImpl.java:1746) [jboss-msc-1.0.4.GA.jar:1.0.4.GA]
	at java.util.concurrent.ThreadPoolExecutor.runWorker(ThreadPoolExecutor.java:1145) [rt.jar:1.7.0_45]
	at java.util.concurrent.ThreadPoolExecutor$Worker.run(ThreadPoolExecutor.java:615) [rt.jar:1.7.0_45]
	at java.lang.Thread.run(Thread.java:744) [rt.jar:1.7.0_45]
Caused by: LifecycleException:  JBWEB000023: Protocol handler initialization failed
	at org.apache.catalina.connector.Connector.init(Connector.java:984)
	at org.jboss.as.web.WebConnectorService.start(WebConnectorService.java:273)
	... 5 more

10:19:09,594 ERROR [org.jboss.msc.service.fail] (MSC service thread 1-4) MSC00001: Failed to start service jboss.web.connector.ajp: org.jboss.msc.service.StartException in service jboss.web.connector.ajp: JBAS018007: Error starting web connector
	at org.jboss.as.web.WebConnectorService.start(WebConnectorService.java:277)
	at org.jboss.msc.service.ServiceControllerImpl$StartTask.startService(ServiceControllerImpl.java:1811) [jboss-msc-1.0.4.GA.jar:1.0.4.GA]
	at org.jboss.msc.service.ServiceControllerImpl$StartTask.run(ServiceControllerImpl.java:1746) [jboss-msc-1.0.4.GA.jar:1.0.4.GA]
	at java.util.concurrent.ThreadPoolExecutor.runWorker(ThreadPoolExecutor.java:1145) [rt.jar:1.7.0_45]
	at java.util.concurrent.ThreadPoolExecutor$Worker.run(ThreadPoolExecutor.java:615) [rt.jar:1.7.0_45]
	at java.lang.Thread.run(Thread.java:744) [rt.jar:1.7.0_45]
Caused by: LifecycleException:  JBWEB000023: Protocol handler initialization failed
	at org.apache.catalina.connector.Connector.init(Connector.java:984)
	at org.jboss.as.web.WebConnectorService.start(WebConnectorService.java:273)
	... 5 more

10:19:09,720 ERROR [org.jboss.msc.service.fail] (MSC service thread 1-6) MSC00001: Failed to start service jboss.remoting.server.remoting-connector: org.jboss.msc.service.StartException in service jboss.remoting.server.remoting-connector: JBAS017112: Address already in use 127.0.0.1:4447
	at org.jboss.as.remoting.AbstractStreamServerService.start(AbstractStreamServerService.java:110)
	at org.jboss.msc.service.ServiceControllerImpl$StartTask.startService(ServiceControllerImpl.java:1811) [jboss-msc-1.0.4.GA.jar:1.0.4.GA]
	at org.jboss.msc.service.ServiceControllerImpl$StartTask.run(ServiceControllerImpl.java:1746) [jboss-msc-1.0.4.GA.jar:1.0.4.GA]
	at java.util.concurrent.ThreadPoolExecutor.runWorker(ThreadPoolExecutor.java:1145) [rt.jar:1.7.0_45]
	at java.util.concurrent.ThreadPoolExecutor$Worker.run(ThreadPoolExecutor.java:615) [rt.jar:1.7.0_45]
	at java.lang.Thread.run(Thread.java:744) [rt.jar:1.7.0_45]
Caused by: java.net.BindException: Address already in use
	at sun.nio.ch.Net.bind0(Native Method) [rt.jar:1.7.0_45]
	at sun.nio.ch.Net.bind(Net.java:444) [rt.jar:1.7.0_45]
	at sun.nio.ch.Net.bind(Net.java:436) [rt.jar:1.7.0_45]
	at sun.nio.ch.ServerSocketChannelImpl.bind(ServerSocketChannelImpl.java:214) [rt.jar:1.7.0_45]
	at sun.nio.ch.ServerSocketAdaptor.bind(ServerSocketAdaptor.java:74) [rt.jar:1.7.0_45]
	at sun.nio.ch.ServerSocketAdaptor.bind(ServerSocketAdaptor.java:67) [rt.jar:1.7.0_45]
	at org.xnio.nio.NioXnioWorker.createTcpServer(NioXnioWorker.java:287)
	at org.xnio.XnioWorker.createStreamServer(XnioWorker.java:135)
	at org.jboss.remoting3.remote.RemoteConnectionProvider$ProviderInterface.createServer(RemoteConnectionProvider.java:258)
	at org.jboss.as.remoting.AbstractStreamServerService.start(AbstractStreamServerService.java:102)
	... 5 more

10:19:09,718 ERROR [org.jboss.msc.service.fail] (MSC service thread 1-7) MSC00001: Failed to start service jboss.remoting.server.management: org.jboss.msc.service.StartException in service jboss.remoting.server.management: JBAS017112: Address already in use 127.0.0.1:9999
	at org.jboss.as.remoting.AbstractStreamServerService.start(AbstractStreamServerService.java:110)
	at org.jboss.msc.service.ServiceControllerImpl$StartTask.startService(ServiceControllerImpl.java:1811) [jboss-msc-1.0.4.GA.jar:1.0.4.GA]
	at org.jboss.msc.service.ServiceControllerImpl$StartTask.run(ServiceControllerImpl.java:1746) [jboss-msc-1.0.4.GA.jar:1.0.4.GA]
	at java.util.concurrent.ThreadPoolExecutor.runWorker(ThreadPoolExecutor.java:1145) [rt.jar:1.7.0_45]
	at java.util.concurrent.ThreadPoolExecutor$Worker.run(ThreadPoolExecutor.java:615) [rt.jar:1.7.0_45]
	at java.lang.Thread.run(Thread.java:744) [rt.jar:1.7.0_45]
Caused by: java.net.BindException: Address already in use
	at sun.nio.ch.Net.bind0(Native Method) [rt.jar:1.7.0_45]
	at sun.nio.ch.Net.bind(Net.java:444) [rt.jar:1.7.0_45]
	at sun.nio.ch.Net.bind(Net.java:436) [rt.jar:1.7.0_45]
	at sun.nio.ch.ServerSocketChannelImpl.bind(ServerSocketChannelImpl.java:214) [rt.jar:1.7.0_45]
	at sun.nio.ch.ServerSocketAdaptor.bind(ServerSocketAdaptor.java:74) [rt.jar:1.7.0_45]
	at sun.nio.ch.ServerSocketAdaptor.bind(ServerSocketAdaptor.java:67) [rt.jar:1.7.0_45]
	at org.xnio.nio.NioXnioWorker.createTcpServer(NioXnioWorker.java:287)
	at org.xnio.XnioWorker.createStreamServer(XnioWorker.java:135)
	at org.jboss.remoting3.remote.RemoteConnectionProvider$ProviderInterface.createServer(RemoteConnectionProvider.java:258)
	at org.jboss.as.remoting.AbstractStreamServerService.start(AbstractStreamServerService.java:102)
	... 5 more

10:19:09,717 ERROR [org.jboss.msc.service.fail] (MSC service thread 1-1) MSC00001: Failed to start service jboss.serverManagement.controller.management.http: org.jboss.msc.service.StartException in service jboss.serverManagement.controller.management.http: Address already in use /127.0.0.1:9990
	at org.jboss.as.server.mgmt.HttpManagementService.start(HttpManagementService.java:224) [jboss-as-server-7.2.0.Final.jar:7.2.0.Final]
	at org.jboss.msc.service.ServiceControllerImpl$StartTask.startService(ServiceControllerImpl.java:1811) [jboss-msc-1.0.4.GA.jar:1.0.4.GA]
	at org.jboss.msc.service.ServiceControllerImpl$StartTask.run(ServiceControllerImpl.java:1746) [jboss-msc-1.0.4.GA.jar:1.0.4.GA]
	at java.util.concurrent.ThreadPoolExecutor.runWorker(ThreadPoolExecutor.java:1145) [rt.jar:1.7.0_45]
	at java.util.concurrent.ThreadPoolExecutor$Worker.run(ThreadPoolExecutor.java:615) [rt.jar:1.7.0_45]
	at java.lang.Thread.run(Thread.java:744) [rt.jar:1.7.0_45]
Caused by: java.net.BindException: Address already in use
	at sun.nio.ch.Net.bind0(Native Method) [rt.jar:1.7.0_45]
	at sun.nio.ch.Net.bind(Net.java:444) [rt.jar:1.7.0_45]
	at sun.nio.ch.Net.bind(Net.java:436) [rt.jar:1.7.0_45]
	at sun.nio.ch.ServerSocketChannelImpl.bind(ServerSocketChannelImpl.java:214) [rt.jar:1.7.0_45]
	at sun.nio.ch.ServerSocketAdaptor.bind(ServerSocketAdaptor.java:74) [rt.jar:1.7.0_45]
	at org.jboss.sun.net.httpserver.ServerImpl.<init>(ServerImpl.java:144)
	at org.jboss.sun.net.httpserver.HttpServerImpl.<init>(HttpServerImpl.java:54)
	at org.jboss.sun.net.httpserver.DefaultHttpServerProvider.createHttpServer(DefaultHttpServerProvider.java:38)
	at org.jboss.com.sun.net.httpserver.HttpServer.create(HttpServer.java:147)
	at org.jboss.as.domain.http.server.ManagementHttpServer.create(ManagementHttpServer.java:162)
	at org.jboss.as.server.mgmt.HttpManagementService.start(HttpManagementService.java:190) [jboss-as-server-7.2.0.Final.jar:7.2.0.Final]
	... 5 more

10:19:10,649 INFO  [org.infinispan.server.endpoint] (MSC service thread 1-5) JDGS010000: HotRodServer starting
10:19:10,651 INFO  [org.infinispan.server.endpoint] (MSC service thread 1-5) JDGS010001: HotRodServer listening on 127.0.0.1:11222
10:19:11,507 INFO  [org.infinispan.factories.GlobalComponentRegistry] (MSC service thread 1-4) ISPN000128: Infinispan version: Infinispan 'Infinium' 6.0.2.Final
10:19:12,415 INFO  [org.infinispan.jmx.CacheJmxRegistration] (MSC service thread 1-4) ISPN000031: MBeans were successfully registered to the platform MBean server.
10:19:12,407 INFO  [org.infinispan.jmx.CacheJmxRegistration] (MSC service thread 1-8) ISPN000031: MBeans were successfully registered to the platform MBean server.
10:19:12,420 INFO  [org.infinispan.jmx.CacheJmxRegistration] (MSC service thread 1-6) ISPN000031: MBeans were successfully registered to the platform MBean server.
10:19:12,427 INFO  [org.infinispan.jmx.CacheJmxRegistration] (MSC service thread 1-1) ISPN000031: MBeans were successfully registered to the platform MBean server.
10:19:12,437 INFO  [org.jboss.as.clustering.infinispan] (MSC service thread 1-6) JBAS010281: Started other cache from security container
10:19:12,438 INFO  [org.jboss.as.clustering.infinispan] (MSC service thread 1-4) JBAS010281: Started jboss-web-policy cache from security container
10:19:12,436 INFO  [org.infinispan.jmx.CacheJmxRegistration] (MSC service thread 1-2) ISPN000031: MBeans were successfully registered to the platform MBean server.
10:19:12,422 INFO  [org.jboss.as.clustering.infinispan] (MSC service thread 1-8) JBAS010281: Started memcachedCache cache from local container
10:19:12,438 INFO  [org.jboss.as.clustering.infinispan] (MSC service thread 1-1) JBAS010281: Started namedCache cache from local container
10:19:12,445 INFO  [org.jboss.as.clustering.infinispan] (MSC service thread 1-2) JBAS010281: Started default cache from local container
10:19:14,177 ERROR [org.jboss.msc.service.fail] (MSC service thread 1-5) MSC00001: Failed to start service jboss.endpoint.hotrod.hotrod-connector: org.jboss.msc.service.StartException in service jboss.endpoint.hotrod.hotrod-connector: JDGS010004: Failed to start HotRodServer
	at org.infinispan.server.endpoint.subsystem.ProtocolServerService.start(ProtocolServerService.java:113)
	at org.jboss.msc.service.ServiceControllerImpl$StartTask.startService(ServiceControllerImpl.java:1811) [jboss-msc-1.0.4.GA.jar:1.0.4.GA]
	at org.jboss.msc.service.ServiceControllerImpl$StartTask.run(ServiceControllerImpl.java:1746) [jboss-msc-1.0.4.GA.jar:1.0.4.GA]
	at java.util.concurrent.ThreadPoolExecutor.runWorker(ThreadPoolExecutor.java:1145) [rt.jar:1.7.0_45]
	at java.util.concurrent.ThreadPoolExecutor$Worker.run(ThreadPoolExecutor.java:615) [rt.jar:1.7.0_45]
	at java.lang.Thread.run(Thread.java:744) [rt.jar:1.7.0_45]
Caused by: org.jboss.netty.channel.ChannelException: Failed to bind to: /127.0.0.1:11222
	at org.jboss.netty.bootstrap.ServerBootstrap.bind(ServerBootstrap.java:272)
	at org.infinispan.server.core.transport.NettyTransport.start(NettyTransport.scala:83)
	at org.infinispan.server.core.AbstractProtocolServer.startTransport(AbstractProtocolServer.scala:60)
	at org.infinispan.server.hotrod.HotRodServer.startTransport(HotRodServer.scala:80)
	at org.infinispan.server.core.AbstractProtocolServer.startInternal(AbstractProtocolServer.scala:39)
	at org.infinispan.server.hotrod.HotRodServer.startInternal(HotRodServer.scala:59)
	at org.infinispan.server.hotrod.HotRodServer.startInternal(HotRodServer.scala:28)
	at org.infinispan.server.core.AbstractProtocolServer.start(AbstractProtocolServer.scala:44)
	at org.infinispan.server.endpoint.subsystem.ProtocolServerService.startProtocolServer(ProtocolServerService.java:130)
	at org.infinispan.server.endpoint.subsystem.ProtocolServerService.start(ProtocolServerService.java:107)
	... 5 more
Caused by: java.net.BindException: Address already in use
	at sun.nio.ch.Net.bind0(Native Method) [rt.jar:1.7.0_45]
	at sun.nio.ch.Net.bind(Net.java:444) [rt.jar:1.7.0_45]
	at sun.nio.ch.Net.bind(Net.java:436) [rt.jar:1.7.0_45]
	at sun.nio.ch.ServerSocketChannelImpl.bind(ServerSocketChannelImpl.java:214) [rt.jar:1.7.0_45]
	at sun.nio.ch.ServerSocketAdaptor.bind(ServerSocketAdaptor.java:74) [rt.jar:1.7.0_45]
	at org.jboss.netty.channel.socket.nio.NioServerBoss$RegisterTask.run(NioServerBoss.java:193)
	at org.jboss.netty.channel.socket.nio.AbstractNioSelector.processTaskQueue(AbstractNioSelector.java:366)
	at org.jboss.netty.channel.socket.nio.AbstractNioSelector.run(AbstractNioSelector.java:290)
	at org.jboss.netty.channel.socket.nio.NioServerBoss.run(NioServerBoss.java:42)
	... 3 more

10:19:14,467 INFO  [org.jboss.as.controller] (Controller Boot Thread) JBAS014774: Service status report
JBAS014777:   Services which failed to start:      service jboss.remoting.server.remoting-connector: org.jboss.msc.service.StartException in service jboss.remoting.server.remoting-connector: JBAS017112: Address already in use 127.0.0.1:4447
      service jboss.endpoint.hotrod.hotrod-connector: org.jboss.msc.service.StartException in service jboss.endpoint.hotrod.hotrod-connector: JDGS010004: Failed to start HotRodServer
      service jboss.web.connector.http: org.jboss.msc.service.StartException in service jboss.web.connector.http: JBAS018007: Error starting web connector
      service jboss.serverManagement.controller.management.http: org.jboss.msc.service.StartException in service jboss.serverManagement.controller.management.http: Address already in use /127.0.0.1:9990
      service jboss.remoting.server.management: org.jboss.msc.service.StartException in service jboss.remoting.server.management: JBAS017112: Address already in use 127.0.0.1:9999
      service jboss.web.connector.ajp: org.jboss.msc.service.StartException in service jboss.web.connector.ajp: JBAS018007: Error starting web connector

10:19:14,559 INFO  [org.jboss.as] (Controller Boot Thread) JBAS015964: Http management interface is not enabled
10:19:14,559 INFO  [org.jboss.as] (Controller Boot Thread) JBAS015954: Admin console is not enabled
10:19:14,559 ERROR [org.jboss.as] (Controller Boot Thread) JBAS015875: JBoss Infinispan Server 6.0.2.Final (AS 7.2.0.Final) started (with errors) in 13391ms - Started 83 of 127 services (6 services failed or missing dependencies, 38 services are passive or on-demand)
10:20:59,863 INFO  [org.jboss.modules] (main) JBoss Modules version 1.2.0.CR1
10:21:00,151 INFO  [org.jboss.msc] (main) JBoss MSC version 1.0.4.GA
10:21:00,307 INFO  [org.jboss.as] (MSC service thread 1-7) JBAS015899: JBoss Infinispan Server 6.0.2.Final (AS 7.2.0.Final) starting
10:21:00,327 DEBUG [org.jboss.as.config] (MSC service thread 1-7) Configured system properties:
	[Standalone] = 
	awt.toolkit = sun.awt.X11.XToolkit
	file.encoding = UTF-8
	file.encoding.pkg = sun.io
	file.separator = /
	java.awt.graphicsenv = sun.awt.X11GraphicsEnvironment
	java.awt.headless = true
	java.awt.printerjob = sun.print.PSPrinterJob
	java.class.path = /home/patches/workspace/narayana/kvstore/etc/infinispan-server-6.0.2/jboss-modules.jar
	java.class.version = 51.0
	java.endorsed.dirs = /usr/java/jdk1.7.0_45/jre/lib/endorsed
	java.ext.dirs = /usr/java/jdk1.7.0_45/jre/lib/ext:/usr/java/packages/lib/ext
	java.home = /usr/java/jdk1.7.0_45/jre
	java.io.tmpdir = /tmp
	java.library.path = /usr/java/packages/lib/amd64:/usr/lib64:/lib64:/lib:/usr/lib
	java.net.preferIPv4Stack = true
	java.runtime.name = Java(TM) SE Runtime Environment
	java.runtime.version = 1.7.0_45-b18
	java.specification.name = Java Platform API Specification
	java.specification.vendor = Oracle Corporation
	java.specification.version = 1.7
	java.util.logging.manager = org.jboss.logmanager.LogManager
	java.vendor = Oracle Corporation
	java.vendor.url = http://java.oracle.com/
	java.vendor.url.bug = http://bugreport.sun.com/bugreport/
	java.version = 1.7.0_45
	java.vm.info = mixed mode
	java.vm.name = Java HotSpot(TM) 64-Bit Server VM
	java.vm.specification.name = Java Virtual Machine Specification
	java.vm.specification.vendor = Oracle Corporation
	java.vm.specification.version = 1.7
	java.vm.vendor = Oracle Corporation
	java.vm.version = 24.45-b08
	javax.management.builder.initial = org.jboss.as.jmx.PluggableMBeanServerBuilder
	javax.xml.datatype.DatatypeFactory = __redirected.__DatatypeFactory
	javax.xml.parsers.DocumentBuilderFactory = __redirected.__DocumentBuilderFactory
	javax.xml.parsers.SAXParserFactory = __redirected.__SAXParserFactory
	javax.xml.stream.XMLEventFactory = __redirected.__XMLEventFactory
	javax.xml.stream.XMLInputFactory = __redirected.__XMLInputFactory
	javax.xml.stream.XMLOutputFactory = __redirected.__XMLOutputFactory
	javax.xml.transform.TransformerFactory = __redirected.__TransformerFactory
	javax.xml.validation.SchemaFactory:http://www.w3.org/2001/XMLSchema = __redirected.__SchemaFactory
	javax.xml.xpath.XPathFactory:http://java.sun.com/jaxp/xpath/dom = __redirected.__XPathFactory
	jboss.home.dir = /home/patches/workspace/narayana/kvstore/etc/infinispan-server-6.0.2
	jboss.host.name = localhost
	jboss.modules.dir = /home/patches/workspace/narayana/kvstore/etc/infinispan-server-6.0.2/modules
	jboss.modules.system.pkgs = org.jboss.byteman
	jboss.node.name = localhost
	jboss.qualified.host.name = localhost.localdomain
	jboss.server.base.dir = /home/patches/workspace/narayana/kvstore/etc/infinispan-server-6.0.2/standalone
	jboss.server.config.dir = /home/patches/workspace/narayana/kvstore/etc/infinispan-server-6.0.2/standalone/configuration
	jboss.server.data.dir = /home/patches/workspace/narayana/kvstore/etc/infinispan-server-6.0.2/standalone/data
	jboss.server.deploy.dir = /home/patches/workspace/narayana/kvstore/etc/infinispan-server-6.0.2/standalone/data/content
	jboss.server.log.dir = /home/patches/workspace/narayana/kvstore/etc/infinispan-server-6.0.2/standalone/log
	jboss.server.name = localhost
	jboss.server.persist.config = true
	jboss.server.temp.dir = /home/patches/workspace/narayana/kvstore/etc/infinispan-server-6.0.2/standalone/tmp
	line.separator = 

	logging.configuration = file:/home/patches/workspace/narayana/kvstore/etc/infinispan-server-6.0.2/standalone/configuration/logging.properties
	module.path = /home/patches/workspace/narayana/kvstore/etc/infinispan-server-6.0.2/modules
	org.jboss.boot.log.file = /home/patches/workspace/narayana/kvstore/etc/infinispan-server-6.0.2/standalone/log/server.log
	org.jboss.resolver.warning = true
	org.xml.sax.driver = __redirected.__XMLReaderFactory
	os.arch = amd64
	os.name = Linux
	os.version = 3.11.6-201.fc19.x86_64
	path.separator = :
	sun.arch.data.model = 64
	sun.boot.class.path = /usr/java/jdk1.7.0_45/jre/lib/resources.jar:/usr/java/jdk1.7.0_45/jre/lib/rt.jar:/usr/java/jdk1.7.0_45/jre/lib/sunrsasign.jar:/usr/java/jdk1.7.0_45/jre/lib/jsse.jar:/usr/java/jdk1.7.0_45/jre/lib/jce.jar:/usr/java/jdk1.7.0_45/jre/lib/charsets.jar:/usr/java/jdk1.7.0_45/jre/lib/jfr.jar:/usr/java/jdk1.7.0_45/jre/classes
	sun.boot.library.path = /usr/java/jdk1.7.0_45/jre/lib/amd64
	sun.cpu.endian = little
	sun.cpu.isalist = 
	sun.io.unicode.encoding = UnicodeLittle
	sun.java.command = /home/patches/workspace/narayana/kvstore/etc/infinispan-server-6.0.2/jboss-modules.jar -mp /home/patches/workspace/narayana/kvstore/etc/infinispan-server-6.0.2/modules -jaxpmodule javax.xml.jaxp-provider org.jboss.as.standalone -Djboss.home.dir=/home/patches/workspace/narayana/kvstore/etc/infinispan-server-6.0.2 -Djboss.server.base.dir=/home/patches/workspace/narayana/kvstore/etc/infinispan-server-6.0.2/standalone
	sun.java.launcher = SUN_STANDARD
	sun.jnu.encoding = UTF-8
	sun.management.compiler = HotSpot 64-Bit Tiered Compilers
	sun.os.patch.level = unknown
	user.country = GB
	user.dir = /home/patches/workspace/narayana
	user.home = /home/patches
	user.language = en
	user.name = patches
	user.timezone = Europe/London
10:21:00,331 DEBUG [org.jboss.as.config] (MSC service thread 1-7) VM Arguments: -D[Standalone] -XX:+UseCompressedOops -Xms64m -Xmx512m -XX:MaxPermSize=256m -Djava.net.preferIPv4Stack=true -Djboss.modules.system.pkgs=org.jboss.byteman -Djava.awt.headless=true -Dorg.jboss.boot.log.file=/home/patches/workspace/narayana/kvstore/etc/infinispan-server-6.0.2/standalone/log/server.log -Dlogging.configuration=file:/home/patches/workspace/narayana/kvstore/etc/infinispan-server-6.0.2/standalone/configuration/logging.properties 
10:21:01,649 INFO  [org.xnio] (MSC service thread 1-1) XNIO Version 3.0.7.GA
10:21:01,672 INFO  [org.xnio.nio] (MSC service thread 1-1) XNIO NIO Implementation Version 3.0.7.GA
10:21:01,678 INFO  [org.jboss.as.server] (Controller Boot Thread) JBAS015888: Creating http management service using socket-binding (management-http)
10:21:01,704 INFO  [org.jboss.remoting] (MSC service thread 1-1) JBoss Remoting version 3.2.14.GA
10:21:01,800 INFO  [org.jboss.as.clustering.infinispan] (ServerService Thread Pool -- 17) JBAS010280: Activating Infinispan subsystem.
10:21:01,825 INFO  [org.jboss.as.naming] (ServerService Thread Pool -- 21) JBAS011800: Activating Naming Subsystem
10:21:01,862 INFO  [org.jboss.as.security] (ServerService Thread Pool -- 23) JBAS013171: Activating Security Subsystem
10:21:01,892 INFO  [org.jboss.as.connector.logging] (MSC service thread 1-7) JBAS010408: Starting JCA Subsystem (JBoss IronJacamar 1.0.15.Final)
10:21:01,895 INFO  [org.jboss.as.jsf] (ServerService Thread Pool -- 27) JBAS012605: Activated the following JSF Implementations: [main, 1.2]
10:21:01,911 INFO  [org.jboss.as.security] (MSC service thread 1-7) JBAS013170: Current PicketBox version=4.0.15.Final
10:21:01,948 INFO  [org.jboss.as.naming] (MSC service thread 1-5) JBAS011802: Starting Naming Service
10:21:02,454 INFO  [org.apache.coyote.http11] (MSC service thread 1-4) JBWEB003001: Coyote HTTP/1.1 initializing on : http-/127.0.0.1:8080
10:21:02,461 INFO  [org.apache.coyote.ajp] (MSC service thread 1-8) JBWEB003046: Starting Coyote AJP/1.3 on ajp-/127.0.0.1:8009
10:21:02,527 INFO  [org.apache.coyote.http11] (MSC service thread 1-4) JBWEB003000: Coyote HTTP/1.1 starting on: http-/127.0.0.1:8080
10:21:02,974 INFO  [org.infinispan.server.endpoint] (MSC service thread 1-4) JDGS010000: HotRodServer starting
10:21:02,977 INFO  [org.infinispan.server.endpoint] (MSC service thread 1-4) JDGS010001: HotRodServer listening on 127.0.0.1:11222
10:21:03,128 INFO  [org.jboss.as.remoting] (MSC service thread 1-3) JBAS017100: Listening on 127.0.0.1:9999
10:21:03,147 INFO  [org.jboss.as.remoting] (MSC service thread 1-3) JBAS017100: Listening on 127.0.0.1:4447
10:21:03,458 INFO  [org.infinispan.factories.GlobalComponentRegistry] (MSC service thread 1-6) ISPN000128: Infinispan version: Infinispan 'Infinium' 6.0.2.Final
10:21:03,459 INFO  [org.infinispan.factories.GlobalComponentRegistry] (MSC service thread 1-8) ISPN000128: Infinispan version: Infinispan 'Infinium' 6.0.2.Final
10:21:04,070 INFO  [org.infinispan.jmx.CacheJmxRegistration] (MSC service thread 1-7) ISPN000031: MBeans were successfully registered to the platform MBean server.
10:21:04,066 INFO  [org.infinispan.jmx.CacheJmxRegistration] (MSC service thread 1-1) ISPN000031: MBeans were successfully registered to the platform MBean server.
10:21:04,071 INFO  [org.infinispan.jmx.CacheJmxRegistration] (MSC service thread 1-2) ISPN000031: MBeans were successfully registered to the platform MBean server.
10:21:04,066 INFO  [org.infinispan.jmx.CacheJmxRegistration] (MSC service thread 1-6) ISPN000031: MBeans were successfully registered to the platform MBean server.
10:21:04,075 INFO  [org.jboss.as.clustering.infinispan] (MSC service thread 1-2) JBAS010281: Started namedCache cache from local container
10:21:04,076 INFO  [org.jboss.as.clustering.infinispan] (MSC service thread 1-6) JBAS010281: Started jboss-web-policy cache from security container
10:21:04,077 INFO  [org.jboss.as.clustering.infinispan] (MSC service thread 1-7) JBAS010281: Started other cache from security container
10:21:04,075 INFO  [org.jboss.as.clustering.infinispan] (MSC service thread 1-1) JBAS010281: Started memcachedCache cache from local container
10:21:04,066 INFO  [org.infinispan.jmx.CacheJmxRegistration] (MSC service thread 1-8) ISPN000031: MBeans were successfully registered to the platform MBean server.
10:21:04,081 INFO  [org.jboss.as.clustering.infinispan] (MSC service thread 1-8) JBAS010281: Started default cache from local container
10:21:04,455 INFO  [org.jboss.as] (Controller Boot Thread) JBAS015961: Http management interface listening on http://127.0.0.1:9990/management
10:21:04,456 INFO  [org.jboss.as] (Controller Boot Thread) JBAS015951: Admin console listening on http://127.0.0.1:9990
10:21:04,456 INFO  [org.jboss.as] (Controller Boot Thread) JBAS015874: JBoss Infinispan Server 6.0.2.Final (AS 7.2.0.Final) started in 5152ms - Started 89 of 127 services (38 services are passive or on-demand)
10:58:47,086 INFO  [org.jboss.modules] (main) JBoss Modules version 1.2.0.CR1
10:58:47,382 INFO  [org.jboss.msc] (main) JBoss MSC version 1.0.4.GA
10:58:47,549 INFO  [org.jboss.as] (MSC service thread 1-7) JBAS015899: JBoss Infinispan Server 6.0.2.Final (AS 7.2.0.Final) starting
10:58:47,568 DEBUG [org.jboss.as.config] (MSC service thread 1-7) Configured system properties:
	[Standalone] = 
	awt.toolkit = sun.awt.X11.XToolkit
	file.encoding = UTF-8
	file.encoding.pkg = sun.io
	file.separator = /
	java.awt.graphicsenv = sun.awt.X11GraphicsEnvironment
	java.awt.headless = true
	java.awt.printerjob = sun.print.PSPrinterJob
	java.class.path = /home/patches/workspace/narayana/kvstore/etc/infinispan-server-6.0.2/jboss-modules.jar
	java.class.version = 51.0
	java.endorsed.dirs = /usr/java/jdk1.7.0_45/jre/lib/endorsed
	java.ext.dirs = /usr/java/jdk1.7.0_45/jre/lib/ext:/usr/java/packages/lib/ext
	java.home = /usr/java/jdk1.7.0_45/jre
	java.io.tmpdir = /tmp
	java.library.path = /usr/java/packages/lib/amd64:/usr/lib64:/lib64:/lib:/usr/lib
	java.net.preferIPv4Stack = true
	java.runtime.name = Java(TM) SE Runtime Environment
	java.runtime.version = 1.7.0_45-b18
	java.specification.name = Java Platform API Specification
	java.specification.vendor = Oracle Corporation
	java.specification.version = 1.7
	java.util.logging.manager = org.jboss.logmanager.LogManager
	java.vendor = Oracle Corporation
	java.vendor.url = http://java.oracle.com/
	java.vendor.url.bug = http://bugreport.sun.com/bugreport/
	java.version = 1.7.0_45
	java.vm.info = mixed mode
	java.vm.name = Java HotSpot(TM) 64-Bit Server VM
	java.vm.specification.name = Java Virtual Machine Specification
	java.vm.specification.vendor = Oracle Corporation
	java.vm.specification.version = 1.7
	java.vm.vendor = Oracle Corporation
	java.vm.version = 24.45-b08
	javax.management.builder.initial = org.jboss.as.jmx.PluggableMBeanServerBuilder
	javax.xml.datatype.DatatypeFactory = __redirected.__DatatypeFactory
	javax.xml.parsers.DocumentBuilderFactory = __redirected.__DocumentBuilderFactory
	javax.xml.parsers.SAXParserFactory = __redirected.__SAXParserFactory
	javax.xml.stream.XMLEventFactory = __redirected.__XMLEventFactory
	javax.xml.stream.XMLInputFactory = __redirected.__XMLInputFactory
	javax.xml.stream.XMLOutputFactory = __redirected.__XMLOutputFactory
	javax.xml.transform.TransformerFactory = __redirected.__TransformerFactory
	javax.xml.validation.SchemaFactory:http://www.w3.org/2001/XMLSchema = __redirected.__SchemaFactory
	javax.xml.xpath.XPathFactory:http://java.sun.com/jaxp/xpath/dom = __redirected.__XPathFactory
	jboss.home.dir = /home/patches/workspace/narayana/kvstore/etc/infinispan-server-6.0.2
	jboss.host.name = localhost
	jboss.modules.dir = /home/patches/workspace/narayana/kvstore/etc/infinispan-server-6.0.2/modules
	jboss.modules.system.pkgs = org.jboss.byteman
	jboss.node.name = localhost
	jboss.qualified.host.name = localhost.localdomain
	jboss.server.base.dir = /home/patches/workspace/narayana/kvstore/etc/infinispan-server-6.0.2/standalone
	jboss.server.config.dir = /home/patches/workspace/narayana/kvstore/etc/infinispan-server-6.0.2/standalone/configuration
	jboss.server.data.dir = /home/patches/workspace/narayana/kvstore/etc/infinispan-server-6.0.2/standalone/data
	jboss.server.deploy.dir = /home/patches/workspace/narayana/kvstore/etc/infinispan-server-6.0.2/standalone/data/content
	jboss.server.log.dir = /home/patches/workspace/narayana/kvstore/etc/infinispan-server-6.0.2/standalone/log
	jboss.server.name = localhost
	jboss.server.persist.config = true
	jboss.server.temp.dir = /home/patches/workspace/narayana/kvstore/etc/infinispan-server-6.0.2/standalone/tmp
	line.separator = 

	logging.configuration = file:/home/patches/workspace/narayana/kvstore/etc/infinispan-server-6.0.2/standalone/configuration/logging.properties
	module.path = /home/patches/workspace/narayana/kvstore/etc/infinispan-server-6.0.2/modules
	org.jboss.boot.log.file = /home/patches/workspace/narayana/kvstore/etc/infinispan-server-6.0.2/standalone/log/server.log
	org.jboss.resolver.warning = true
	org.xml.sax.driver = __redirected.__XMLReaderFactory
	os.arch = amd64
	os.name = Linux
	os.version = 3.11.6-201.fc19.x86_64
	path.separator = :
	sun.arch.data.model = 64
	sun.boot.class.path = /usr/java/jdk1.7.0_45/jre/lib/resources.jar:/usr/java/jdk1.7.0_45/jre/lib/rt.jar:/usr/java/jdk1.7.0_45/jre/lib/sunrsasign.jar:/usr/java/jdk1.7.0_45/jre/lib/jsse.jar:/usr/java/jdk1.7.0_45/jre/lib/jce.jar:/usr/java/jdk1.7.0_45/jre/lib/charsets.jar:/usr/java/jdk1.7.0_45/jre/lib/jfr.jar:/usr/java/jdk1.7.0_45/jre/classes
	sun.boot.library.path = /usr/java/jdk1.7.0_45/jre/lib/amd64
	sun.cpu.endian = little
	sun.cpu.isalist = 
	sun.io.unicode.encoding = UnicodeLittle
	sun.java.command = /home/patches/workspace/narayana/kvstore/etc/infinispan-server-6.0.2/jboss-modules.jar -mp /home/patches/workspace/narayana/kvstore/etc/infinispan-server-6.0.2/modules -jaxpmodule javax.xml.jaxp-provider org.jboss.as.standalone -Djboss.home.dir=/home/patches/workspace/narayana/kvstore/etc/infinispan-server-6.0.2 -Djboss.server.base.dir=/home/patches/workspace/narayana/kvstore/etc/infinispan-server-6.0.2/standalone
	sun.java.launcher = SUN_STANDARD
	sun.jnu.encoding = UTF-8
	sun.management.compiler = HotSpot 64-Bit Tiered Compilers
	sun.os.patch.level = unknown
	user.country = GB
	user.dir = /home/patches/workspace/narayana
	user.home = /home/patches
	user.language = en
	user.name = patches
	user.timezone = Europe/London
10:58:47,572 DEBUG [org.jboss.as.config] (MSC service thread 1-7) VM Arguments: -D[Standalone] -XX:+UseCompressedOops -Xms64m -Xmx512m -XX:MaxPermSize=256m -Djava.net.preferIPv4Stack=true -Djboss.modules.system.pkgs=org.jboss.byteman -Djava.awt.headless=true -Dorg.jboss.boot.log.file=/home/patches/workspace/narayana/kvstore/etc/infinispan-server-6.0.2/standalone/log/server.log -Dlogging.configuration=file:/home/patches/workspace/narayana/kvstore/etc/infinispan-server-6.0.2/standalone/configuration/logging.properties 
10:58:48,945 INFO  [org.xnio] (MSC service thread 1-1) XNIO Version 3.0.7.GA
10:58:48,948 INFO  [org.jboss.as.server] (Controller Boot Thread) JBAS015888: Creating http management service using socket-binding (management-http)
10:58:48,973 INFO  [org.xnio.nio] (MSC service thread 1-1) XNIO NIO Implementation Version 3.0.7.GA
10:58:49,007 INFO  [org.jboss.remoting] (MSC service thread 1-1) JBoss Remoting version 3.2.14.GA
10:58:49,045 INFO  [org.jboss.as.clustering.infinispan] (ServerService Thread Pool -- 17) JBAS010280: Activating Infinispan subsystem.
10:58:49,088 INFO  [org.jboss.as.security] (ServerService Thread Pool -- 23) JBAS013171: Activating Security Subsystem
10:58:49,082 INFO  [org.jboss.as.naming] (ServerService Thread Pool -- 21) JBAS011800: Activating Naming Subsystem
10:58:49,111 INFO  [org.jboss.as.jsf] (ServerService Thread Pool -- 27) JBAS012605: Activated the following JSF Implementations: [main, 1.2]
10:58:49,161 INFO  [org.jboss.as.security] (MSC service thread 1-5) JBAS013170: Current PicketBox version=4.0.15.Final
10:58:49,194 INFO  [org.jboss.as.connector.logging] (MSC service thread 1-6) JBAS010408: Starting JCA Subsystem (JBoss IronJacamar 1.0.15.Final)
10:58:49,246 INFO  [org.jboss.as.naming] (MSC service thread 1-6) JBAS011802: Starting Naming Service
10:58:49,709 INFO  [org.apache.coyote.http11] (MSC service thread 1-3) JBWEB003001: Coyote HTTP/1.1 initializing on : http-/127.0.0.1:8080
10:58:49,724 INFO  [org.apache.coyote.ajp] (MSC service thread 1-8) JBWEB003046: Starting Coyote AJP/1.3 on ajp-/127.0.0.1:8009
10:58:49,762 INFO  [org.apache.coyote.http11] (MSC service thread 1-3) JBWEB003000: Coyote HTTP/1.1 starting on: http-/127.0.0.1:8080
10:58:50,207 INFO  [org.infinispan.server.endpoint] (MSC service thread 1-2) JDGS010000: HotRodServer starting
10:58:50,221 INFO  [org.infinispan.server.endpoint] (MSC service thread 1-2) JDGS010001: HotRodServer listening on 127.0.0.1:11222
10:58:50,504 INFO  [org.jboss.as.remoting] (MSC service thread 1-3) JBAS017100: Listening on 127.0.0.1:4447
10:58:50,505 INFO  [org.jboss.as.remoting] (MSC service thread 1-3) JBAS017100: Listening on 127.0.0.1:9999
10:58:50,731 INFO  [org.infinispan.factories.GlobalComponentRegistry] (MSC service thread 1-7) ISPN000128: Infinispan version: Infinispan 'Infinium' 6.0.2.Final
10:58:50,732 INFO  [org.infinispan.factories.GlobalComponentRegistry] (MSC service thread 1-8) ISPN000128: Infinispan version: Infinispan 'Infinium' 6.0.2.Final
10:58:51,428 INFO  [org.infinispan.jmx.CacheJmxRegistration] (MSC service thread 1-8) ISPN000031: MBeans were successfully registered to the platform MBean server.
10:58:51,434 INFO  [org.infinispan.jmx.CacheJmxRegistration] (MSC service thread 1-1) ISPN000031: MBeans were successfully registered to the platform MBean server.
10:58:51,432 INFO  [org.infinispan.jmx.CacheJmxRegistration] (MSC service thread 1-5) ISPN000031: MBeans were successfully registered to the platform MBean server.
10:58:51,428 INFO  [org.infinispan.jmx.CacheJmxRegistration] (MSC service thread 1-4) ISPN000031: MBeans were successfully registered to the platform MBean server.
10:58:51,430 INFO  [org.infinispan.jmx.CacheJmxRegistration] (MSC service thread 1-7) ISPN000031: MBeans were successfully registered to the platform MBean server.
10:58:51,437 INFO  [org.jboss.as.clustering.infinispan] (MSC service thread 1-5) JBAS010281: Started jboss-web-policy cache from security container
10:58:51,438 INFO  [org.jboss.as.clustering.infinispan] (MSC service thread 1-8) JBAS010281: Started other cache from security container
10:58:51,437 INFO  [org.jboss.as.clustering.infinispan] (MSC service thread 1-4) JBAS010281: Started default cache from local container
10:58:51,437 INFO  [org.jboss.as.clustering.infinispan] (MSC service thread 1-1) JBAS010281: Started memcachedCache cache from local container
10:58:51,443 INFO  [org.jboss.as.clustering.infinispan] (MSC service thread 1-7) JBAS010281: Started namedCache cache from local container
10:58:51,853 INFO  [org.jboss.as] (Controller Boot Thread) JBAS015961: Http management interface listening on http://127.0.0.1:9990/management
10:58:51,854 INFO  [org.jboss.as] (Controller Boot Thread) JBAS015951: Admin console listening on http://127.0.0.1:9990
10:58:51,854 INFO  [org.jboss.as] (Controller Boot Thread) JBAS015874: JBoss Infinispan Server 6.0.2.Final (AS 7.2.0.Final) started in 5293ms - Started 89 of 127 services (38 services are passive or on-demand)
13:06:04,198 INFO  [org.jboss.modules] (main) JBoss Modules version 1.2.0.CR1
13:06:06,118 INFO  [org.jboss.msc] (main) JBoss MSC version 1.0.4.GA
13:06:06,447 INFO  [org.jboss.as] (MSC service thread 1-8) JBAS015899: JBoss Infinispan Server 6.0.2.Final (AS 7.2.0.Final) starting
13:06:06,456 DEBUG [org.jboss.as.config] (MSC service thread 1-8) Configured system properties:
	[Standalone] = 
	awt.toolkit = sun.awt.X11.XToolkit
	file.encoding = UTF-8
	file.encoding.pkg = sun.io
	file.separator = /
	java.awt.graphicsenv = sun.awt.X11GraphicsEnvironment
	java.awt.headless = true
	java.awt.printerjob = sun.print.PSPrinterJob
	java.class.path = /home/patches/workspace/narayana/kvstore/etc/infinispan-server-6.0.2/jboss-modules.jar
	java.class.version = 51.0
	java.endorsed.dirs = /usr/java/jdk1.7.0_45/jre/lib/endorsed
	java.ext.dirs = /usr/java/jdk1.7.0_45/jre/lib/ext:/usr/java/packages/lib/ext
	java.home = /usr/java/jdk1.7.0_45/jre
	java.io.tmpdir = /tmp
	java.library.path = /usr/java/packages/lib/amd64:/usr/lib64:/lib64:/lib:/usr/lib
	java.net.preferIPv4Stack = true
	java.runtime.name = Java(TM) SE Runtime Environment
	java.runtime.version = 1.7.0_45-b18
	java.specification.name = Java Platform API Specification
	java.specification.vendor = Oracle Corporation
	java.specification.version = 1.7
	java.util.logging.manager = org.jboss.logmanager.LogManager
	java.vendor = Oracle Corporation
	java.vendor.url = http://java.oracle.com/
	java.vendor.url.bug = http://bugreport.sun.com/bugreport/
	java.version = 1.7.0_45
	java.vm.info = mixed mode
	java.vm.name = Java HotSpot(TM) 64-Bit Server VM
	java.vm.specification.name = Java Virtual Machine Specification
	java.vm.specification.vendor = Oracle Corporation
	java.vm.specification.version = 1.7
	java.vm.vendor = Oracle Corporation
	java.vm.version = 24.45-b08
	javax.management.builder.initial = org.jboss.as.jmx.PluggableMBeanServerBuilder
	javax.xml.datatype.DatatypeFactory = __redirected.__DatatypeFactory
	javax.xml.parsers.DocumentBuilderFactory = __redirected.__DocumentBuilderFactory
	javax.xml.parsers.SAXParserFactory = __redirected.__SAXParserFactory
	javax.xml.stream.XMLEventFactory = __redirected.__XMLEventFactory
	javax.xml.stream.XMLInputFactory = __redirected.__XMLInputFactory
	javax.xml.stream.XMLOutputFactory = __redirected.__XMLOutputFactory
	javax.xml.transform.TransformerFactory = __redirected.__TransformerFactory
	javax.xml.validation.SchemaFactory:http://www.w3.org/2001/XMLSchema = __redirected.__SchemaFactory
	javax.xml.xpath.XPathFactory:http://java.sun.com/jaxp/xpath/dom = __redirected.__XPathFactory
	jboss.home.dir = /home/patches/workspace/narayana/kvstore/etc/infinispan-server-6.0.2
	jboss.host.name = localhost
	jboss.modules.dir = /home/patches/workspace/narayana/kvstore/etc/infinispan-server-6.0.2/modules
	jboss.modules.system.pkgs = org.jboss.byteman
	jboss.node.name = localhost
	jboss.qualified.host.name = localhost.localdomain
	jboss.server.base.dir = /home/patches/workspace/narayana/kvstore/etc/infinispan-server-6.0.2/standalone
	jboss.server.config.dir = /home/patches/workspace/narayana/kvstore/etc/infinispan-server-6.0.2/standalone/configuration
	jboss.server.data.dir = /home/patches/workspace/narayana/kvstore/etc/infinispan-server-6.0.2/standalone/data
	jboss.server.deploy.dir = /home/patches/workspace/narayana/kvstore/etc/infinispan-server-6.0.2/standalone/data/content
	jboss.server.log.dir = /home/patches/workspace/narayana/kvstore/etc/infinispan-server-6.0.2/standalone/log
	jboss.server.name = localhost
	jboss.server.persist.config = true
	jboss.server.temp.dir = /home/patches/workspace/narayana/kvstore/etc/infinispan-server-6.0.2/standalone/tmp
	line.separator = 

	logging.configuration = file:/home/patches/workspace/narayana/kvstore/etc/infinispan-server-6.0.2/standalone/configuration/logging.properties
	module.path = /home/patches/workspace/narayana/kvstore/etc/infinispan-server-6.0.2/modules
	org.jboss.boot.log.file = /home/patches/workspace/narayana/kvstore/etc/infinispan-server-6.0.2/standalone/log/server.log
	org.jboss.resolver.warning = true
	org.xml.sax.driver = __redirected.__XMLReaderFactory
	os.arch = amd64
	os.name = Linux
	os.version = 3.11.6-201.fc19.x86_64
	path.separator = :
	sun.arch.data.model = 64
	sun.boot.class.path = /usr/java/jdk1.7.0_45/jre/lib/resources.jar:/usr/java/jdk1.7.0_45/jre/lib/rt.jar:/usr/java/jdk1.7.0_45/jre/lib/sunrsasign.jar:/usr/java/jdk1.7.0_45/jre/lib/jsse.jar:/usr/java/jdk1.7.0_45/jre/lib/jce.jar:/usr/java/jdk1.7.0_45/jre/lib/charsets.jar:/usr/java/jdk1.7.0_45/jre/lib/jfr.jar:/usr/java/jdk1.7.0_45/jre/classes
	sun.boot.library.path = /usr/java/jdk1.7.0_45/jre/lib/amd64
	sun.cpu.endian = little
	sun.cpu.isalist = 
	sun.io.unicode.encoding = UnicodeLittle
	sun.java.command = /home/patches/workspace/narayana/kvstore/etc/infinispan-server-6.0.2/jboss-modules.jar -mp /home/patches/workspace/narayana/kvstore/etc/infinispan-server-6.0.2/modules -jaxpmodule javax.xml.jaxp-provider org.jboss.as.standalone -Djboss.home.dir=/home/patches/workspace/narayana/kvstore/etc/infinispan-server-6.0.2 -Djboss.server.base.dir=/home/patches/workspace/narayana/kvstore/etc/infinispan-server-6.0.2/standalone
	sun.java.launcher = SUN_STANDARD
	sun.jnu.encoding = UTF-8
	sun.management.compiler = HotSpot 64-Bit Tiered Compilers
	sun.os.patch.level = unknown
	user.country = GB
	user.dir = /home/patches/workspace/narayana
	user.home = /home/patches
	user.language = en
	user.name = patches
	user.timezone = Europe/London
13:06:06,462 DEBUG [org.jboss.as.config] (MSC service thread 1-8) VM Arguments: -D[Standalone] -XX:+UseCompressedOops -Xms64m -Xmx512m -XX:MaxPermSize=256m -Djava.net.preferIPv4Stack=true -Djboss.modules.system.pkgs=org.jboss.byteman -Djava.awt.headless=true -Dorg.jboss.boot.log.file=/home/patches/workspace/narayana/kvstore/etc/infinispan-server-6.0.2/standalone/log/server.log -Dlogging.configuration=file:/home/patches/workspace/narayana/kvstore/etc/infinispan-server-6.0.2/standalone/configuration/logging.properties 
13:06:13,222 INFO  [org.xnio] (MSC service thread 1-1) XNIO Version 3.0.7.GA
13:06:13,276 INFO  [org.jboss.as.server] (Controller Boot Thread) JBAS015888: Creating http management service using socket-binding (management-http)
13:06:13,308 INFO  [org.xnio.nio] (MSC service thread 1-1) XNIO NIO Implementation Version 3.0.7.GA
13:06:13,441 INFO  [org.jboss.remoting] (MSC service thread 1-1) JBoss Remoting version 3.2.14.GA
13:06:13,692 INFO  [org.jboss.as.naming] (ServerService Thread Pool -- 21) JBAS011800: Activating Naming Subsystem
13:06:13,707 INFO  [org.jboss.as.security] (ServerService Thread Pool -- 23) JBAS013171: Activating Security Subsystem
13:06:13,741 INFO  [org.jboss.as.jsf] (ServerService Thread Pool -- 27) JBAS012605: Activated the following JSF Implementations: [main, 1.2]
13:06:13,909 INFO  [org.jboss.as.clustering.infinispan] (ServerService Thread Pool -- 17) JBAS010280: Activating Infinispan subsystem.
13:06:14,005 INFO  [org.jboss.as.security] (MSC service thread 1-5) JBAS013170: Current PicketBox version=4.0.15.Final
13:06:14,260 INFO  [org.jboss.as.connector.logging] (MSC service thread 1-6) JBAS010408: Starting JCA Subsystem (JBoss IronJacamar 1.0.15.Final)
13:06:17,859 INFO  [org.jboss.as.naming] (MSC service thread 1-8) JBAS011802: Starting Naming Service
13:06:20,339 INFO  [org.jboss.as.remoting] (MSC service thread 1-2) JBAS017100: Listening on 127.0.0.1:4447
13:06:20,578 INFO  [org.jboss.as.remoting] (MSC service thread 1-7) JBAS017100: Listening on 127.0.0.1:9999
13:06:21,067 INFO  [org.apache.coyote.ajp] (MSC service thread 1-5) JBWEB003046: Starting Coyote AJP/1.3 on ajp-/127.0.0.1:8009
13:06:21,067 INFO  [org.apache.coyote.http11] (MSC service thread 1-8) JBWEB003001: Coyote HTTP/1.1 initializing on : http-/127.0.0.1:8080
13:06:21,069 INFO  [org.apache.coyote.http11] (MSC service thread 1-8) JBWEB003000: Coyote HTTP/1.1 starting on: http-/127.0.0.1:8080
13:06:26,264 INFO  [org.infinispan.server.endpoint] (MSC service thread 1-8) JDGS010000: HotRodServer starting
13:06:26,265 INFO  [org.infinispan.server.endpoint] (MSC service thread 1-8) JDGS010001: HotRodServer listening on 127.0.0.1:11222
13:06:30,702 INFO  [org.infinispan.factories.GlobalComponentRegistry] (MSC service thread 1-6) ISPN000128: Infinispan version: Infinispan 'Infinium' 6.0.2.Final
13:06:30,702 INFO  [org.infinispan.factories.GlobalComponentRegistry] (MSC service thread 1-5) ISPN000128: Infinispan version: Infinispan 'Infinium' 6.0.2.Final
13:06:32,523 INFO  [org.infinispan.jmx.CacheJmxRegistration] (MSC service thread 1-7) ISPN000031: MBeans were successfully registered to the platform MBean server.
13:06:32,524 INFO  [org.infinispan.jmx.CacheJmxRegistration] (MSC service thread 1-1) ISPN000031: MBeans were successfully registered to the platform MBean server.
13:06:32,526 INFO  [org.infinispan.jmx.CacheJmxRegistration] (MSC service thread 1-4) ISPN000031: MBeans were successfully registered to the platform MBean server.
13:06:32,529 INFO  [org.jboss.as.clustering.infinispan] (MSC service thread 1-7) JBAS010281: Started jboss-web-policy cache from security container
13:06:32,533 INFO  [org.infinispan.jmx.CacheJmxRegistration] (MSC service thread 1-6) ISPN000031: MBeans were successfully registered to the platform MBean server.
13:06:32,531 INFO  [org.jboss.as.clustering.infinispan] (MSC service thread 1-4) JBAS010281: Started namedCache cache from local container
13:06:32,534 INFO  [org.jboss.as.clustering.infinispan] (MSC service thread 1-6) JBAS010281: Started other cache from security container
13:06:32,535 INFO  [org.infinispan.jmx.CacheJmxRegistration] (MSC service thread 1-5) ISPN000031: MBeans were successfully registered to the platform MBean server.
13:06:32,540 INFO  [org.jboss.as.clustering.infinispan] (MSC service thread 1-5) JBAS010281: Started memcachedCache cache from local container
13:06:32,536 INFO  [org.jboss.as.clustering.infinispan] (MSC service thread 1-1) JBAS010281: Started default cache from local container
13:06:34,130 INFO  [org.jboss.as] (Controller Boot Thread) JBAS015961: Http management interface listening on http://127.0.0.1:9990/management
13:06:34,131 INFO  [org.jboss.as] (Controller Boot Thread) JBAS015951: Admin console listening on http://127.0.0.1:9990
13:06:34,132 INFO  [org.jboss.as] (Controller Boot Thread) JBAS015874: JBoss Infinispan Server 6.0.2.Final (AS 7.2.0.Final) started in 34412ms - Started 89 of 127 services (38 services are passive or on-demand)
